00000 0000 AND 000
00001 0000 AND 000
00002 0000 AND 000
00003 0000 AND 000
00004 0000 AND 000
00005 0000 AND 000
00006 0000 AND 000
00007 0000 AND 000
00010 0000 AND 000
00011 0000 AND 000
00012 0000 AND 000
00013 0000 AND 000
00014 0000 AND 000
00015 0000 AND 000
00016 0000 AND 000
00017 0000 AND 000
00020 0000 AND 000
00021 0000 AND 000
00022 0000 AND 000
00023 0000 AND 000
00024 0000 AND 000
00025 0000 AND 000
00026 0000 AND 000
00027 0000 AND 000
00030 0000 AND 000
00031 0000 AND 000
00032 0000 AND 000
00033 0000 AND 000
00034 0000 AND 000
00035 0000 AND 000
00036 0000 AND 000
00037 0000 AND 000
00040 0000 AND 000
00041 0000 AND 000
00042 0000 AND 000
00043 0000 AND 000
00044 0000 AND 000
00045 0000 AND 000
00046 0000 AND 000
00047 0000 AND 000
00050 0000 AND 000
00051 0000 AND 000
00052 0000 AND 000
00053 0000 AND 000
00054 0000 AND 000
00055 100000 AND 000
00056 100200 AND PC 000
00057 100200 AND PC 000
00060 100200 AND PC 000
00061 100200 AND PC 000
00062 100200 AND PC 000
00063 100200 AND PC 000
00064 100200 AND PC 000
00065 100200 AND PC 000
00066 100200 AND PC 000
00067 100200 AND PC 000
00070 100200 AND PC 000
00071 100200 AND PC 000
00072 100200 AND PC 000
00073 100200 AND PC 000
00074 100200 AND PC 000
00075 100200 AND PC 000
00076 100200 AND PC 000
00077 100200 AND PC 000
00100 100200 AND PC 000
00101 100200 AND PC 000
00102 100200 AND PC 000
00103 100200 AND PC 000
00104 100200 AND PC 000
00105 100200 AND PC 000
00106 100200 AND PC 000
00107 100200 AND PC 000
00110 100200 AND PC 000
00111 100200 AND PC 000
00112 100200 AND PC 000
00113 100200 AND PC 000
00114 100200 AND PC 000
00115 100200 AND PC 000
00116 100200 AND PC 000
00117 100200 AND PC 000
00120 100200 AND PC 000
00121 100200 AND PC 000
00122 100200 AND PC 000
00123 100200 AND PC 000
00124 100200 AND PC 000
00125 100200 AND PC 000
00126 0176 AND 176
00127 12062 ISZ 062
00130 0576 AND I 176
00131 36067 device=6,func=7
00132 1176 TAD 176
00133 10412 AND I 012
00134 1576 TAD I 176
00135 5442 JMP I 042
00136 2176 ISZ 176
00137 11012 TAD 012
00140 2576 ISZ I 176
00141 26433 device=43,func=3
00142 3176 DCA 176
00143 11412 TAD I 012
00144 3576 DCA I 176
00145 5442 JMP I 042
00146 4176 JMS 176
00147 32067 ISZ 067
00150 4576 JMS I 176
00151 15010 JMP 010
00152 5176 JMP 176
00153 14034 JMS 034
00154 5576 JMP I 176
00155 14077 JMS 077
00156 6176 device=17,func=6
00157 33067 DCA 067
00160 6576 device=57,func=6
00161 26033 device=3,func=3
00162 7176 OPR CLL CMA CML RAR RAL BSW 
00163 34467 JMS I 067
00164 7576 OPR SPA SNA SZL OSR HLT 
00165 7052 OPR CMA RAR BSW 
00166 10176 AND 176
00167 5456 JMP I 056
00170 10576 AND I 176
00171 0006 AND 006
00172 11176 TAD 176
00173 37475 OPR SCA MQL SCL DIV SHL LSR ASR
00174 11576 TAD I 176
00175 10002 AND 002
00176 12176 ISZ 176
00177 14034 JMS 034
00200 100200 AND PC 000
00201 100200 AND PC 000
00202 100200 AND PC 000
00203 100200 AND PC 000
00204 100200 AND PC 000
00205 100200 AND PC 000
00206 100200 AND PC 000
00207 100200 AND PC 000
00210 100200 AND PC 000
00211 100200 AND PC 000
00212 100200 AND PC 000
00213 100200 AND PC 000
00214 100200 AND PC 000
00215 100200 AND PC 000
00216 100200 AND PC 000
00217 100200 AND PC 000
00220 100200 AND PC 000
00221 100200 AND PC 000
00222 100200 AND PC 000
00223 100200 AND PC 000
00224 100200 AND PC 000
00225 100200 AND PC 000
00226 100200 AND PC 000
00227 100200 AND PC 000
00230 100200 AND PC 000
00231 0000 AND 000
00232 0000 AND 000
00233 0000 AND 000
00234 0000 AND 000
00235 0000 AND 000
00236 0000 AND 000
00237 0000 AND 000
00240 0000 AND 000
00241 0000 AND 000
00242 0000 AND 000
00243 0000 AND 000
00244 0000 AND 000
00245 0000 AND 000
00246 0000 AND 000
00247 0000 AND 000
00250 0000 AND 000
00251 0000 AND 000
00252 0000 AND 000
00253 0000 AND 000
00254 0000 AND 000
00255 0000 AND 000
00256 0000 AND 000
00257 0000 AND 000
00260 0000 AND 000
00261 0000 AND 000
00262 0000 AND 000
00263 0000 AND 000
00264 0000 AND 000
00265 0000 AND 000
00266 0000 AND 000
00267 0000 AND 000
00270 0000 AND 000
00271 0000 AND 000
00272 0000 AND 000
00273 0000 AND 000
00274 0000 AND 000
00275 0000 AND 000
00276 0000 AND 000
00277 0000 AND 000
00300 0000 AND 000
00301 0000 AND 000
00302 0000 AND 000
00303 0000 AND 000
00304 0000 AND 000
00305 0000 AND 000
00306 0000 AND 000
00307 0000 AND 000
00310 0000 AND 000
00311 0000 AND 000
00312 0000 AND 000
00313 0000 AND 000
00314 0000 AND 000
00315 0000 AND 000
00316 0000 AND 000
00317 0000 AND 000
00320 0000 AND 000
00321 0000 AND 000
00322 0000 AND 000
00323 0000 AND 000
00324 0000 AND 000
00325 0000 AND 000
00326 0000 AND 000
00327 0000 AND 000
00330 0000 AND 000
00331 0000 AND 000
00332 0000 AND 000
00333 0000 AND 000
00334 0000 AND 000
00335 0000 AND 000
00336 0000 AND 000
00337 0000 AND 000
00340 0000 AND 000
00341 0000 AND 000
00342 0000 AND 000
00343 0000 AND 000
00344 0000 AND 000
00345 0000 AND 000
00346 0000 AND 000
00347 0000 AND 000
00350 0000 AND 000
00351 0000 AND 000
00352 0000 AND 000
00353 0000 AND 000
00354 0000 AND 000
00355 0000 AND 000
00356 0000 AND 000
00357 0000 AND 000
00360 0000 AND 000
00361 0000 AND 000
00362 0000 AND 000
00363 0000 AND 000
00364 0000 AND 000
00365 0000 AND 000
00366 0000 AND 000
00367 0000 AND 000
00370 0000 AND 000
00371 0000 AND 000
00372 0000 AND 000
00373 0000 AND 000
00374 0000 AND 000
00375 0000 AND 000
00376 0000 AND 000
00377 0000 AND 000
00400 0000 AND 000
00401 0000 AND 000
00402 0000 AND 000
00403 0000 AND 000
00404 0000 AND 000
00405 0000 AND 000
00406 0000 AND 000
